<?xml version="1.0" encoding="UTF-8"?>
<testsuite name="com.mcxiv.app.EventTest" tests="2" skipped="0" failures="0" errors="0" timestamp="2021-05-23T06:42:20" hostname="ANIRUDHHP" time="0.038">
  <properties/>
  <testcase name="testRName()" classname="com.mcxiv.app.EventTest" time="0.036"/>
  <testcase name="testInName()" classname="com.mcxiv.app.EventTest" time="0.001"/>
  <system-out><![CDATA[]]></system-out>
  <system-err><![CDATA[]]></system-err>
</testsuite>
