<?xml version="1.0" encoding="UTF-8"?>
<testsuite name="com.mcxiv.app.GithubUtilTest" tests="1" skipped="0" failures="0" errors="0" timestamp="2021-05-24T14:48:06" hostname="ANIRUDHHP" time="0.02">
  <properties/>
  <testcase name="test()" classname="com.mcxiv.app.GithubUtilTest" time="0.02"/>
  <system-out><![CDATA[]]></system-out>
  <system-err><![CDATA[]]></system-err>
</testsuite>
